{"level":"info","message":"This is an info message","timestamp":"2026-03-10T09:14:09.998Z"}
{"level":"error","message":"This is an error message","timestamp":"2026-03-10T09:14:10.027Z"}
{"level":"warn","message":"This is a warn message","timestamp":"2026-03-10T09:14:10.029Z"}
{"level":"info","message":"::1 - - [10/Mar/2026:09:14:10 +0000] \"GET /api/logger/ HTTP/1.1\" 200 26 \"-\" \"PostmanRuntime/7.52.0\"\n","timestamp":"2026-03-10T09:14:10.044Z"}
{"level":"info","message":"This is an info message","timestamp":"2026-03-10T09:19:30.364Z"}
{"level":"error","message":"This is an error message","timestamp":"2026-03-10T09:19:30.473Z"}
{"level":"warn","message":"This is a warn message","timestamp":"2026-03-10T09:19:30.515Z"}
{"level":"info","message":"::1 - - [10/Mar/2026:09:19:30 +0000] \"GET /api/logger/ HTTP/1.1\" 200 26 \"-\" \"PostmanRuntime/7.52.0\"\n","timestamp":"2026-03-10T09:19:30.546Z"}
{"level":"info","message":"::1 - - [10/Mar/2026:09:20:28 +0000] \"GET /api/pdf/report HTTP/1.1\" 200 - \"-\" \"PostmanRuntime/7.52.0\"\n","timestamp":"2026-03-10T09:20:28.400Z"}
{"level":"info","message":"::1 - - [10/Mar/2026:09:30:01 +0000] \"GET /api/pdf/report HTTP/1.1\" 200 - \"-\" \"PostmanRuntime/7.52.0\"\n","timestamp":"2026-03-10T09:30:01.237Z"}
{"level":"info","message":"This is an info message","timestamp":"2026-03-10T09:30:26.770Z"}
{"level":"error","message":"This is an error message","timestamp":"2026-03-10T09:30:26.775Z"}
{"level":"warn","message":"This is a warn message","timestamp":"2026-03-10T09:30:26.776Z"}
{"level":"info","message":"::1 - - [10/Mar/2026:09:30:26 +0000] \"GET /api/logger/ HTTP/1.1\" 200 26 \"-\" \"PostmanRuntime/7.52.0\"\n","timestamp":"2026-03-10T09:30:26.783Z"}
{"level":"info","message":"::1 - - [10/Mar/2026:09:31:21 +0000] \"GET /api/body-measurements/weight-history HTTP/1.1\" 200 147 \"-\" \"PostmanRuntime/7.52.0\"\n","timestamp":"2026-03-10T09:31:21.382Z"}
{"level":"info","message":"::1 - - [10/Mar/2026:09:49:45 +0000] \"GET /api/body-measurements/weight-history HTTP/1.1\" 200 147 \"-\" \"PostmanRuntime/7.52.0\"\n","timestamp":"2026-03-10T09:49:45.384Z"}
{"level":"info","message":"::1 - - [10/Mar/2026:09:50:12 +0000] \"POST /api/progress-photo/upload HTTP/1.1\" 201 386 \"-\" \"PostmanRuntime/7.52.0\"\n","timestamp":"2026-03-10T09:50:12.623Z"}
{"level":"info","message":"::1 - - [10/Mar/2026:09:54:18 +0000] \"POST /api/progress-photo/upload HTTP/1.1\" 201 386 \"-\" \"PostmanRuntime/7.52.0\"\n","timestamp":"2026-03-10T09:54:18.296Z"}
{"level":"info","message":"::1 - - [10/Mar/2026:09:54:58 +0000] \"GET /api/progress/monthly-comparison HTTP/1.1\" 200 171 \"-\" \"PostmanRuntime/7.52.0\"\n","timestamp":"2026-03-10T09:54:58.074Z"}
{"level":"info","message":"::1 - - [10/Mar/2026:10:11:15 +0000] \"GET /api/progress/monthly-comparison HTTP/1.1\" 200 171 \"-\" \"PostmanRuntime/7.52.0\"\n","timestamp":"2026-03-10T10:11:15.073Z"}
